2025-03-16T15:33:03 | touched: src/main.rs
2025-04-22T16:45:26 | touched: README.md
2025-06-07T12:44:10 | touched: Cargo.toml
2025-09-18T19:22:47 | touched: README.md
2025-10-02T18:19:32 | touched: src/main.rs
2025-04-09T22:19:49 | touched: src/main.rs
2025-04-11T03:11:37 | touched: src/lib.rs
2025-07-14T01:13:26 | touched: src/lib.rs
2025-03-14T08:54:06 | touched: src/lib.rs
2025-02-08T03:02:31 | touched: Cargo.toml
2025-03-28T02:56:37 | touched: src/lib.rs
2025-12-10T17:56:23 | touched: src/lib.rs
2025-07-02T23:45:21 | touched: src/lib.rs
2025-04-13T01:57:01 | touched: src/lib.rs
2025-12-27T09:40:44 | touched: README.md
2025-01-31T13:54:09 | touched: README.md
2025-10-14T01:39:12 | touched: README.md
2025-09-21T16:39:42 | touched: src/lib.rs
2025-04-04T06:53:57 | touched: LICENSE
2025-06-21T17:46:20 | touched: LICENSE
2025-08-20T06:24:47 | touched: README.md
2025-05-10T03:16:30 | touched: Cargo.toml
2025-10-10T00:14:04 | touched: Cargo.toml
2025-01-25T22:59:25 | touched: README.md
2025-11-03T12:11:24 | touched: README.md
2025-03-02T23:33:27 | touched: LICENSE
2025-12-28T22:01:41 | touched: README.md
2025-12-02T12:32:53 | touched: src/lib.rs
2025-06-18T11:29:33 | touched: LICENSE
